<?xml version="1.0" encoding="UTF-8"?>
<coverage generated="1618298896531" clover="3.2.0">
  <project timestamp="1618298896532" name="All files">
    <metrics statements="194" coveredstatements="175" conditionals="105" coveredconditionals="102" methods="56" coveredmethods="45" elements="355" coveredelements="322" complexity="0" loc="194" ncloc="194" packages="7" files="10" classes="10"/>
    <package name="actions">
      <metrics statements="36" coveredstatements="34" conditionals="2" coveredconditionals="2" methods="13" coveredmethods="11"/>
      <file name="Actions.ts" path="/Users/andrii/Git/MoviesAPIReact/react-app/src/actions/Actions.ts">
        <metrics statements="36" coveredstatements="34" conditionals="2" coveredconditionals="2" methods="13" coveredmethods="11"/>
        <line num="10" count="3" type="cond" truecount="2" falsecount="0"/>
        <line num="11" count="3" type="stmt"/>
        <line num="12" count="3" type="stmt"/>
        <line num="13" count="3" type="stmt"/>
        <line num="14" count="3" type="stmt"/>
        <line num="15" count="3" type="stmt"/>
        <line num="16" count="3" type="stmt"/>
        <line num="17" count="3" type="stmt"/>
        <line num="18" count="3" type="stmt"/>
        <line num="19" count="3" type="stmt"/>
        <line num="20" count="3" type="stmt"/>
        <line num="21" count="3" type="stmt"/>
        <line num="22" count="3" type="stmt"/>
        <line num="25" count="3" type="stmt"/>
        <line num="28" count="1" type="stmt"/>
        <line num="34" count="3" type="stmt"/>
        <line num="37" count="1" type="stmt"/>
        <line num="43" count="3" type="stmt"/>
        <line num="47" count="3" type="stmt"/>
        <line num="49" count="1" type="stmt"/>
        <line num="54" count="3" type="stmt"/>
        <line num="56" count="1" type="stmt"/>
        <line num="61" count="3" type="stmt"/>
        <line num="63" count="1" type="stmt"/>
        <line num="68" count="3" type="stmt"/>
        <line num="70" count="0" type="stmt"/>
        <line num="75" count="3" type="stmt"/>
        <line num="77" count="1" type="stmt"/>
        <line num="82" count="3" type="stmt"/>
        <line num="84" count="0" type="stmt"/>
        <line num="89" count="3" type="stmt"/>
        <line num="91" count="1" type="stmt"/>
        <line num="96" count="3" type="stmt"/>
        <line num="98" count="1" type="stmt"/>
        <line num="103" count="3" type="stmt"/>
        <line num="105" count="1" type="stmt"/>
      </file>
    </package>
    <package name="components.atoms.Button">
      <metrics statements="11" coveredstatements="11" conditionals="8" coveredconditionals="8" methods="5" coveredmethods="5"/>
      <file name="Button.ts" path="/Users/andrii/Git/MoviesAPIReact/react-app/src/components/atoms/Button/Button.ts">
        <metrics statements="11" coveredstatements="11" conditionals="8" coveredconditionals="8" methods="5" coveredmethods="5"/>
        <line num="1" count="1" type="stmt"/>
        <line num="3" count="1" type="cond" truecount="2" falsecount="0"/>
        <line num="7" count="14" type="stmt"/>
        <line num="8" count="14" type="stmt"/>
        <line num="22" count="1" type="cond" truecount="2" falsecount="0"/>
        <line num="27" count="1" type="cond" truecount="2" falsecount="0"/>
        <line num="28" count="7" type="stmt"/>
        <line num="29" count="7" type="stmt"/>
        <line num="39" count="1" type="cond" truecount="2" falsecount="0"/>
        <line num="40" count="7" type="stmt"/>
        <line num="43" count="1" type="stmt"/>
      </file>
    </package>
    <package name="components.molecules.Forms">
      <metrics statements="37" coveredstatements="31" conditionals="36" coveredconditionals="36" methods="10" coveredmethods="6"/>
      <file name="AddMovieForm.tsx" path="/Users/andrii/Git/MoviesAPIReact/react-app/src/components/molecules/Forms/AddMovieForm.tsx">
        <metrics statements="18" coveredstatements="12" conditionals="20" coveredconditionals="20" methods="5" coveredmethods="1"/>
        <line num="1" count="1" type="stmt"/>
        <line num="2" count="1" type="stmt"/>
        <line num="3" count="1" type="stmt"/>
        <line num="6" count="1" type="stmt"/>
        <line num="7" count="1" type="stmt"/>
        <line num="18" count="1" type="stmt"/>
        <line num="19" count="1" type="stmt"/>
        <line num="21" count="1" type="stmt"/>
        <line num="22" count="9" type="stmt"/>
        <line num="24" count="8" type="stmt"/>
        <line num="35" count="0" type="stmt"/>
        <line num="44" count="0" type="stmt"/>
        <line num="46" count="0" type="stmt"/>
        <line num="47" count="0" type="stmt"/>
        <line num="51" count="8" type="stmt"/>
        <line num="107" count="0" type="stmt"/>
        <line num="142" count="0" type="stmt"/>
        <line num="149" count="1" type="stmt"/>
      </file>
      <file name="Form.ts" path="/Users/andrii/Git/MoviesAPIReact/react-app/src/components/molecules/Forms/Form.ts">
        <metrics statements="16" coveredstatements="16" conditionals="16" coveredconditionals="16" methods="5" coveredmethods="5"/>
        <line num="1" count="1" type="stmt"/>
        <line num="2" count="1" type="stmt"/>
        <line num="6" count="1" type="cond" truecount="2" falsecount="0"/>
        <line num="10" count="1" type="cond" truecount="2" falsecount="0"/>
        <line num="17" count="1" type="cond" truecount="2" falsecount="0"/>
        <line num="26" count="1" type="cond" truecount="2" falsecount="0"/>
        <line num="32" count="1" type="cond" truecount="2" falsecount="0"/>
        <line num="33" count="42" type="stmt"/>
        <line num="38" count="1" type="cond" truecount="2" falsecount="0"/>
        <line num="39" count="35" type="stmt"/>
        <line num="47" count="1" type="cond" truecount="2" falsecount="0"/>
        <line num="48" count="20" type="stmt"/>
        <line num="51" count="1" type="cond" truecount="2" falsecount="0"/>
        <line num="53" count="7" type="stmt"/>
        <line num="57" count="7" type="stmt"/>
        <line num="62" count="1" type="stmt"/>
      </file>
      <file name="FormValidationSchema.ts" path="/Users/andrii/Git/MoviesAPIReact/react-app/src/components/molecules/Forms/FormValidationSchema.ts">
        <metrics statements="3" coveredstatements="3" conditionals="0" coveredconditionals="0" methods="0" coveredmethods="0"/>
        <line num="1" count="1" type="stmt"/>
        <line num="3" count="1" type="stmt"/>
        <line num="27" count="1" type="stmt"/>
      </file>
    </package>
    <package name="components.molecules.MovieCard">
      <metrics statements="52" coveredstatements="41" conditionals="24" coveredconditionals="23" methods="20" coveredmethods="15"/>
      <file name="MovieCard.ts" path="/Users/andrii/Git/MoviesAPIReact/react-app/src/components/molecules/MovieCard/MovieCard.ts">
        <metrics statements="27" coveredstatements="27" conditionals="24" coveredconditionals="23" methods="14" coveredmethods="14"/>
        <line num="1" count="1" type="stmt"/>
        <line num="6" count="1" type="cond" truecount="2" falsecount="0"/>
        <line num="8" count="1" type="stmt"/>
        <line num="20" count="1" type="cond" truecount="2" falsecount="0"/>
        <line num="26" count="1" type="cond" truecount="2" falsecount="0"/>
        <line num="32" count="1" type="cond" truecount="2" falsecount="0"/>
        <line num="33" count="1" type="stmt"/>
        <line num="41" count="1" type="cond" truecount="2" falsecount="0"/>
        <line num="46" count="1" type="cond" truecount="2" falsecount="0"/>
        <line num="50" count="1" type="cond" truecount="2" falsecount="0"/>
        <line num="52" count="1" type="stmt"/>
        <line num="60" count="1" type="cond" truecount="2" falsecount="0"/>
        <line num="62" count="1" type="stmt"/>
        <line num="73" count="1" type="stmt"/>
        <line num="85" count="1" type="stmt"/>
        <line num="92" count="1" type="cond" truecount="2" falsecount="0"/>
        <line num="96" count="2" type="stmt"/>
        <line num="100" count="2" type="stmt"/>
        <line num="103" count="2" type="stmt"/>
        <line num="104" count="2" type="stmt"/>
        <line num="108" count="1" type="cond" truecount="2" falsecount="0"/>
        <line num="109" count="1" type="cond" truecount="1" falsecount="1"/>
        <line num="113" count="1" type="stmt"/>
        <line num="119" count="1" type="cond" truecount="2" falsecount="0"/>
        <line num="125" count="1" type="stmt"/>
        <line num="137" count="1" type="stmt"/>
        <line num="148" count="1" type="stmt"/>
      </file>
      <file name="MovieCardComponent.tsx" path="/Users/andrii/Git/MoviesAPIReact/react-app/src/components/molecules/MovieCard/MovieCardComponent.tsx">
        <metrics statements="25" coveredstatements="14" conditionals="0" coveredconditionals="0" methods="6" coveredmethods="1"/>
        <line num="1" count="1" type="stmt"/>
        <line num="2" count="1" type="stmt"/>
        <line num="3" count="1" type="stmt"/>
        <line num="6" count="1" type="stmt"/>
        <line num="19" count="1" type="stmt"/>
        <line num="21" count="1" type="stmt"/>
        <line num="22" count="1" type="stmt"/>
        <line num="23" count="1" type="stmt"/>
        <line num="24" count="1" type="stmt"/>
        <line num="26" count="1" type="stmt"/>
        <line num="27" count="0" type="stmt"/>
        <line num="28" count="0" type="stmt"/>
        <line num="29" count="0" type="stmt"/>
        <line num="31" count="1" type="stmt"/>
        <line num="32" count="0" type="stmt"/>
        <line num="33" count="0" type="stmt"/>
        <line num="34" count="0" type="stmt"/>
        <line num="36" count="1" type="stmt"/>
        <line num="37" count="0" type="stmt"/>
        <line num="38" count="0" type="stmt"/>
        <line num="39" count="0" type="stmt"/>
        <line num="42" count="1" type="stmt"/>
        <line num="44" count="0" type="stmt"/>
        <line num="48" count="0" type="stmt"/>
        <line num="62" count="1" type="stmt"/>
      </file>
    </package>
    <package name="components.theme">
      <metrics statements="2" coveredstatements="2" conditionals="0" coveredconditionals="0" methods="0" coveredmethods="0"/>
      <file name="Theme.ts" path="/Users/andrii/Git/MoviesAPIReact/react-app/src/components/theme/Theme.ts">
        <metrics statements="2" coveredstatements="2" conditionals="0" coveredconditionals="0" methods="0" coveredmethods="0"/>
        <line num="1" count="2" type="stmt"/>
        <line num="11" count="2" type="stmt"/>
      </file>
    </package>
    <package name="reducers">
      <metrics statements="49" coveredstatements="49" conditionals="35" coveredconditionals="33" methods="7" coveredmethods="7"/>
      <file name="Reducers.tsx" path="/Users/andrii/Git/MoviesAPIReact/react-app/src/reducers/Reducers.tsx">
        <metrics statements="49" coveredstatements="49" conditionals="35" coveredconditionals="33" methods="7" coveredmethods="7"/>
        <line num="1" count="2" type="stmt"/>
        <line num="10" count="2" type="stmt"/>
        <line num="21" count="2" type="stmt"/>
        <line num="27" count="2" type="stmt"/>
        <line num="35" count="2" type="stmt"/>
        <line num="39" count="2" type="stmt"/>
        <line num="43" count="2" type="stmt"/>
        <line num="48" count="2" type="stmt"/>
        <line num="52" count="2" type="stmt"/>
        <line num="56" count="12" type="cond" truecount="2" falsecount="0"/>
        <line num="57" count="7" type="stmt"/>
        <line num="59" count="2" type="stmt"/>
        <line num="60" count="1" type="stmt"/>
        <line num="63" count="6" type="stmt"/>
        <line num="67" count="12" type="cond" truecount="2" falsecount="0"/>
        <line num="68" count="7" type="stmt"/>
        <line num="70" count="2" type="stmt"/>
        <line num="71" count="1" type="stmt"/>
        <line num="74" count="6" type="stmt"/>
        <line num="78" count="14" type="cond" truecount="2" falsecount="0"/>
        <line num="79" count="9" type="stmt"/>
        <line num="81" count="1" type="stmt"/>
        <line num="84" count="1" type="stmt"/>
        <line num="87" count="1" type="stmt"/>
        <line num="90" count="6" type="stmt"/>
        <line num="94" count="12" type="cond" truecount="2" falsecount="0"/>
        <line num="95" count="7" type="stmt"/>
        <line num="97" count="1" type="stmt"/>
        <line num="98" count="1" type="stmt"/>
        <line num="101" count="6" type="stmt"/>
        <line num="105" count="13" type="cond" truecount="2" falsecount="0"/>
        <line num="106" count="8" type="stmt"/>
        <line num="108" count="1" type="stmt"/>
        <line num="109" count="1" type="cond" truecount="1" falsecount="1"/>
        <line num="112" count="1" type="stmt"/>
        <line num="113" count="1" type="stmt"/>
        <line num="116" count="6" type="stmt"/>
        <line num="120" count="12" type="cond" truecount="2" falsecount="0"/>
        <line num="121" count="7" type="stmt"/>
        <line num="123" count="1" type="stmt"/>
        <line num="124" count="1" type="stmt"/>
        <line num="127" count="6" type="stmt"/>
        <line num="131" count="12" type="cond" truecount="2" falsecount="0"/>
        <line num="132" count="7" type="stmt"/>
        <line num="136" count="1" type="stmt"/>
        <line num="137" count="1" type="stmt"/>
        <line num="140" count="6" type="stmt"/>
        <line num="144" count="2" type="stmt"/>
        <line num="154" count="2" type="stmt"/>
      </file>
    </package>
    <package name="store">
      <metrics statements="7" coveredstatements="7" conditionals="0" coveredconditionals="0" methods="1" coveredmethods="1"/>
      <file name="configureStore.ts" path="/Users/andrii/Git/MoviesAPIReact/react-app/src/store/configureStore.ts">
        <metrics statements="7" coveredstatements="7" conditionals="0" coveredconditionals="0" methods="1" coveredmethods="1"/>
        <line num="1" count="1" type="stmt"/>
        <line num="2" count="1" type="stmt"/>
        <line num="3" count="1" type="stmt"/>
        <line num="5" count="1" type="stmt"/>
        <line num="7" count="1" type="stmt"/>
        <line num="8" count="1" type="stmt"/>
        <line num="9" count="1" type="stmt"/>
      </file>
    </package>
  </project>
</coverage>
