{"/Users/andrii/Git/MoviesAPIReact/react-app/src/actions/Actions.ts": {"path":"/Users/andrii/Git/MoviesAPIReact/react-app/src/actions/Actions.ts","statementMap":{"0":{"start":{"line":10,"column":0},"end":{"line":10,"column":null}},"1":{"start":{"line":11,"column":2},"end":{"line":11,"column":null}},"2":{"start":{"line":12,"column":2},"end":{"line":12,"column":null}},"3":{"start":{"line":13,"column":2},"end":{"line":13,"column":null}},"4":{"start":{"line":14,"column":2},"end":{"line":14,"column":null}},"5":{"start":{"line":15,"column":2},"end":{"line":15,"column":null}},"6":{"start":{"line":16,"column":2},"end":{"line":16,"column":null}},"7":{"start":{"line":17,"column":2},"end":{"line":17,"column":null}},"8":{"start":{"line":18,"column":2},"end":{"line":18,"column":null}},"9":{"start":{"line":19,"column":2},"end":{"line":19,"column":null}},"10":{"start":{"line":20,"column":2},"end":{"line":20,"column":null}},"11":{"start":{"line":21,"column":2},"end":{"line":21,"column":null}},"12":{"start":{"line":22,"column":2},"end":{"line":22,"column":null}},"13":{"start":{"line":25,"column":39},"end":{"line":28,"column":22}},"14":{"start":{"line":28,"column":21},"end":{"line":32,"column":3}},"15":{"start":{"line":25,"column":13},"end":{"line":25,"column":39}},"16":{"start":{"line":34,"column":31},"end":{"line":37,"column":21}},"17":{"start":{"line":37,"column":20},"end":{"line":41,"column":3}},"18":{"start":{"line":34,"column":13},"end":{"line":34,"column":31}},"19":{"start":{"line":43,"column":38},"end":{"line":43,"column":61}},"20":{"start":{"line":43,"column":60},"end":{"line":45,"column":3}},"21":{"start":{"line":43,"column":13},"end":{"line":43,"column":38}},"22":{"start":{"line":47,"column":43},"end":{"line":49,"column":22}},"23":{"start":{"line":49,"column":21},"end":{"line":52,"column":3}},"24":{"start":{"line":47,"column":13},"end":{"line":47,"column":43}},"25":{"start":{"line":54,"column":38},"end":{"line":56,"column":22}},"26":{"start":{"line":56,"column":21},"end":{"line":59,"column":3}},"27":{"start":{"line":54,"column":13},"end":{"line":54,"column":38}},"28":{"start":{"line":61,"column":31},"end":{"line":63,"column":24}},"29":{"start":{"line":63,"column":23},"end":{"line":66,"column":3}},"30":{"start":{"line":61,"column":13},"end":{"line":61,"column":31}},"31":{"start":{"line":68,"column":33},"end":{"line":70,"column":20}},"32":{"start":{"line":70,"column":19},"end":{"line":73,"column":3}},"33":{"start":{"line":68,"column":13},"end":{"line":68,"column":33}},"34":{"start":{"line":75,"column":33},"end":{"line":77,"column":20}},"35":{"start":{"line":77,"column":19},"end":{"line":80,"column":3}},"36":{"start":{"line":75,"column":13},"end":{"line":75,"column":33}},"37":{"start":{"line":82,"column":33},"end":{"line":84,"column":20}},"38":{"start":{"line":84,"column":19},"end":{"line":87,"column":3}},"39":{"start":{"line":82,"column":13},"end":{"line":82,"column":33}},"40":{"start":{"line":89,"column":33},"end":{"line":91,"column":20}},"41":{"start":{"line":91,"column":19},"end":{"line":94,"column":3}},"42":{"start":{"line":89,"column":13},"end":{"line":89,"column":33}},"43":{"start":{"line":96,"column":35},"end":{"line":98,"column":20}},"44":{"start":{"line":98,"column":19},"end":{"line":101,"column":3}},"45":{"start":{"line":96,"column":13},"end":{"line":96,"column":35}},"46":{"start":{"line":103,"column":34},"end":{"line":105,"column":20}},"47":{"start":{"line":105,"column":19},"end":{"line":108,"column":3}},"48":{"start":{"line":103,"column":13},"end":{"line":103,"column":34}}},"fnMap":{"0":{"name":"(anonymous_0)","decl":{"start":{"line":10,"column":0},"end":{"line":10,"column":12}},"loc":{"start":{"line":10,"column":23},"end":{"line":23,"column":1}}},"1":{"name":"(anonymous_1)","decl":{"start":{"line":25,"column":39},"end":{"line":25,"column":null}},"loc":{"start":{"line":27,"column":21},"end":{"line":28,"column":22}}},"2":{"name":"(anonymous_2)","decl":{"start":{"line":34,"column":31},"end":{"line":34,"column":null}},"loc":{"start":{"line":36,"column":23},"end":{"line":37,"column":21}}},"3":{"name":"(anonymous_3)","decl":{"start":{"line":43,"column":38},"end":{"line":43,"column":60}},"loc":{"start":{"line":43,"column":38},"end":{"line":43,"column":61}}},"4":{"name":"(anonymous_4)","decl":{"start":{"line":47,"column":43},"end":{"line":47,"column":null}},"loc":{"start":{"line":48,"column":17},"end":{"line":49,"column":22}}},"5":{"name":"(anonymous_5)","decl":{"start":{"line":54,"column":38},"end":{"line":54,"column":null}},"loc":{"start":{"line":55,"column":17},"end":{"line":56,"column":22}}},"6":{"name":"(anonymous_6)","decl":{"start":{"line":61,"column":31},"end":{"line":61,"column":null}},"loc":{"start":{"line":62,"column":27},"end":{"line":63,"column":24}}},"7":{"name":"(anonymous_7)","decl":{"start":{"line":68,"column":33},"end":{"line":68,"column":null}},"loc":{"start":{"line":69,"column":15},"end":{"line":70,"column":20}}},"8":{"name":"(anonymous_8)","decl":{"start":{"line":75,"column":33},"end":{"line":75,"column":null}},"loc":{"start":{"line":76,"column":15},"end":{"line":77,"column":20}}},"9":{"name":"(anonymous_9)","decl":{"start":{"line":82,"column":33},"end":{"line":82,"column":null}},"loc":{"start":{"line":83,"column":15},"end":{"line":84,"column":20}}},"10":{"name":"(anonymous_10)","decl":{"start":{"line":89,"column":33},"end":{"line":89,"column":null}},"loc":{"start":{"line":90,"column":15},"end":{"line":91,"column":20}}},"11":{"name":"(anonymous_11)","decl":{"start":{"line":96,"column":35},"end":{"line":96,"column":null}},"loc":{"start":{"line":97,"column":12},"end":{"line":98,"column":20}}},"12":{"name":"(anonymous_12)","decl":{"start":{"line":103,"column":34},"end":{"line":103,"column":null}},"loc":{"start":{"line":104,"column":15},"end":{"line":105,"column":20}}}},"branchMap":{"0":{"loc":{"start":{"line":10,"column":12},"end":{"line":10,"column":23}},"type":"binary-expr","locations":[{"start":{"line":10,"column":12},"end":{"line":10,"column":23}},{"start":{"line":10,"column":12},"end":{"line":10,"column":null}}]}},"s":{"0":3,"1":3,"2":3,"3":3,"4":3,"5":3,"6":3,"7":3,"8":3,"9":3,"10":3,"11":3,"12":3,"13":3,"14":3,"15":3,"16":3,"17":1,"18":3,"19":3,"20":1,"21":3,"22":3,"23":1,"24":3,"25":3,"26":1,"27":3,"28":3,"29":1,"30":3,"31":3,"32":0,"33":3,"34":3,"35":1,"36":3,"37":3,"38":0,"39":3,"40":3,"41":1,"42":3,"43":3,"44":1,"45":3,"46":3,"47":1,"48":3},"f":{"0":3,"1":3,"2":1,"3":1,"4":1,"5":1,"6":1,"7":0,"8":1,"9":0,"10":1,"11":1,"12":1},"b":{"0":[3,3]}}
,"/Users/andrii/Git/MoviesAPIReact/react-app/src/components/atoms/Button/Button.ts": {"path":"/Users/andrii/Git/MoviesAPIReact/react-app/src/components/atoms/Button/Button.ts","statementMap":{"0":{"start":{"line":1,"column":0},"end":{"line":1,"column":39}},"1":{"start":{"line":3,"column":13},"end":{"line":8,"column":null}},"2":{"start":{"line":7,"column":31},"end":{"line":7,"column":null}},"3":{"start":{"line":8,"column":20},"end":{"line":8,"column":null}},"4":{"start":{"line":22,"column":13},"end":{"line":25,"column":2}},"5":{"start":{"line":27,"column":13},"end":{"line":29,"column":null}},"6":{"start":{"line":28,"column":20},"end":{"line":28,"column":null}},"7":{"start":{"line":29,"column":31},"end":{"line":29,"column":null}},"8":{"start":{"line":39,"column":13},"end":{"line":40,"column":null}},"9":{"start":{"line":40,"column":31},"end":{"line":40,"column":null}},"10":{"start":{"line":43,"column":0},"end":{"line":43,"column":22}}},"fnMap":{"0":{"name":"(anonymous_2)","decl":{"start":{"line":7,"column":22},"end":{"line":7,"column":27}},"loc":{"start":{"line":7,"column":27},"end":{"line":7,"column":36}}},"1":{"name":"(anonymous_3)","decl":{"start":{"line":8,"column":11},"end":{"line":8,"column":16}},"loc":{"start":{"line":8,"column":16},"end":{"line":8,"column":25}}},"2":{"name":"(anonymous_4)","decl":{"start":{"line":28,"column":11},"end":{"line":28,"column":16}},"loc":{"start":{"line":28,"column":16},"end":{"line":28,"column":25}}},"3":{"name":"(anonymous_5)","decl":{"start":{"line":29,"column":22},"end":{"line":29,"column":27}},"loc":{"start":{"line":29,"column":27},"end":{"line":29,"column":36}}},"4":{"name":"(anonymous_6)","decl":{"start":{"line":40,"column":22},"end":{"line":40,"column":27}},"loc":{"start":{"line":40,"column":27},"end":{"line":40,"column":36}}}},"branchMap":{"0":{"loc":{"start":{"line":3,"column":35},"end":{"line":3,"column":null}},"type":"binary-expr","locations":[{"start":{"line":3,"column":35},"end":{"line":3,"column":null}},{"start":{"line":3,"column":35},"end":{"line":20,"column":2}}]},"1":{"loc":{"start":{"line":22,"column":42},"end":{"line":22,"column":null}},"type":"binary-expr","locations":[{"start":{"line":22,"column":42},"end":{"line":22,"column":null}},{"start":{"line":22,"column":42},"end":{"line":25,"column":2}}]},"2":{"loc":{"start":{"line":27,"column":41},"end":{"line":27,"column":null}},"type":"binary-expr","locations":[{"start":{"line":27,"column":41},"end":{"line":27,"column":null}},{"start":{"line":27,"column":41},"end":{"line":37,"column":2}}]},"3":{"loc":{"start":{"line":39,"column":56},"end":{"line":39,"column":null}},"type":"binary-expr","locations":[{"start":{"line":39,"column":56},"end":{"line":39,"column":null}},{"start":{"line":39,"column":56},"end":{"line":41,"column":2}}]}},"s":{"0":1,"1":1,"2":246,"3":246,"4":1,"5":1,"6":123,"7":123,"8":1,"9":123,"10":1},"f":{"0":246,"1":246,"2":123,"3":123,"4":123},"b":{"0":[1,1],"1":[1,1],"2":[1,1],"3":[1,1]}}
,"/Users/andrii/Git/MoviesAPIReact/react-app/src/components/molecules/Forms/AddMovieForm.tsx": {"path":"/Users/andrii/Git/MoviesAPIReact/react-app/src/components/molecules/Forms/AddMovieForm.tsx","statementMap":{"0":{"start":{"line":1,"column":0},"end":{"line":1,"column":49}},"1":{"start":{"line":2,"column":0},"end":{"line":2,"column":35}},"2":{"start":{"line":3,"column":0},"end":{"line":3,"column":42}},"3":{"start":{"line":6,"column":0},"end":{"line":6,"column":74}},"4":{"start":{"line":7,"column":0},"end":{"line":7,"column":null}},"5":{"start":{"line":18,"column":0},"end":{"line":18,"column":67}},"6":{"start":{"line":19,"column":0},"end":{"line":19,"column":55}},"7":{"start":{"line":21,"column":56},"end":{"line":145,"column":1}},"8":{"start":{"line":21,"column":74},"end":{"line":21,"column":76}},"9":{"start":{"line":22,"column":19},"end":{"line":22,"column":32}},"10":{"start":{"line":23,"column":18},"end":{"line":28,"column":7}},"11":{"start":{"line":25,"column":35},"end":{"line":28,"column":7}},"12":{"start":{"line":29,"column":17},"end":{"line":53,"column":4}},"13":{"start":{"line":40,"column":35},"end":{"line":50,"column":8}},"14":{"start":{"line":49,"column":55},"end":{"line":49,"column":68}},"15":{"start":{"line":51,"column":6},"end":{"line":51,"column":36}},"16":{"start":{"line":55,"column":2},"end":{"line":144,"column":4}},"17":{"start":{"line":105,"column":46},"end":{"line":105,"column":null}},"18":{"start":{"line":140,"column":46},"end":{"line":140,"column":124}},"19":{"start":{"line":147,"column":0},"end":{"line":147,"column":28}}},"fnMap":{"0":{"name":"(anonymous_1)","decl":{"start":{"line":21,"column":56},"end":{"line":21,"column":57}},"loc":{"start":{"line":21,"column":76},"end":{"line":145,"column":1}}},"1":{"name":"(anonymous_2)","decl":{"start":{"line":25,"column":9},"end":{"line":25,"column":10}},"loc":{"start":{"line":25,"column":30},"end":{"line":25,"column":36}}},"2":{"name":"(anonymous_3)","decl":{"start":{"line":39,"column":14},"end":{"line":39,"column":15}},"loc":{"start":{"line":39,"column":34},"end":{"line":52,"column":5}}},"3":{"name":"(anonymous_4)","decl":{"start":{"line":49,"column":45},"end":{"line":49,"column":46}},"loc":{"start":{"line":49,"column":50},"end":{"line":49,"column":56}}},"4":{"name":"(anonymous_5)","decl":{"start":{"line":105,"column":20},"end":{"line":105,"column":21}},"loc":{"start":{"line":105,"column":41},"end":{"line":105,"column":52}}},"5":{"name":"(anonymous_6)","decl":{"start":{"line":140,"column":40},"end":{"line":140,"column":46}},"loc":{"start":{"line":140,"column":40},"end":{"line":140,"column":54}}}},"branchMap":{"0":{"loc":{"start":{"line":49,"column":29},"end":{"line":49,"column":68}},"type":"cond-expr","locations":[{"start":{"line":49,"column":29},"end":{"line":49,"column":68}},{"start":{"line":49,"column":71},"end":{"line":49,"column":73}}]},"1":{"loc":{"start":{"line":69,"column":10},"end":{"line":69,"column":56}},"type":"cond-expr","locations":[{"start":{"line":69,"column":10},"end":{"line":69,"column":56}},{"start":{"line":70,"column":12},"end":{"line":70,"column":16}}]},"2":{"loc":{"start":{"line":68,"column":10},"end":{"line":68,"column":29}},"type":"binary-expr","locations":[{"start":{"line":68,"column":10},"end":{"line":68,"column":29}},{"start":{"line":68,"column":33},"end":{"line":68,"column":53}}]},"3":{"loc":{"start":{"line":94,"column":10},"end":{"line":94,"column":59}},"type":"cond-expr","locations":[{"start":{"line":94,"column":10},"end":{"line":94,"column":59}},{"start":{"line":95,"column":12},"end":{"line":95,"column":16}}]},"4":{"loc":{"start":{"line":93,"column":10},"end":{"line":93,"column":32}},"type":"binary-expr","locations":[{"start":{"line":93,"column":10},"end":{"line":93,"column":32}},{"start":{"line":93,"column":36},"end":{"line":93,"column":59}}]},"5":{"loc":{"start":{"line":108,"column":10},"end":{"line":108,"column":56}},"type":"cond-expr","locations":[{"start":{"line":108,"column":10},"end":{"line":108,"column":56}},{"start":{"line":109,"column":12},"end":{"line":109,"column":16}}]},"6":{"loc":{"start":{"line":107,"column":10},"end":{"line":107,"column":29}},"type":"binary-expr","locations":[{"start":{"line":107,"column":10},"end":{"line":107,"column":29}},{"start":{"line":107,"column":33},"end":{"line":107,"column":53}}]},"7":{"loc":{"start":{"line":122,"column":10},"end":{"line":122,"column":59}},"type":"cond-expr","locations":[{"start":{"line":122,"column":10},"end":{"line":122,"column":59}},{"start":{"line":123,"column":12},"end":{"line":123,"column":16}}]},"8":{"loc":{"start":{"line":121,"column":10},"end":{"line":121,"column":32}},"type":"binary-expr","locations":[{"start":{"line":121,"column":10},"end":{"line":121,"column":32}},{"start":{"line":121,"column":36},"end":{"line":121,"column":59}}]},"9":{"loc":{"start":{"line":136,"column":10},"end":{"line":136,"column":58}},"type":"cond-expr","locations":[{"start":{"line":136,"column":10},"end":{"line":136,"column":58}},{"start":{"line":137,"column":12},"end":{"line":137,"column":16}}]},"10":{"loc":{"start":{"line":135,"column":10},"end":{"line":135,"column":31}},"type":"binary-expr","locations":[{"start":{"line":135,"column":10},"end":{"line":135,"column":31}},{"start":{"line":135,"column":35},"end":{"line":135,"column":57}}]}},"s":{"0":1,"1":1,"2":1,"3":1,"4":1,"5":1,"6":1,"7":1,"8":164,"9":164,"10":164,"11":820,"12":164,"13":1,"14":0,"15":1,"16":164,"17":0,"18":1,"19":1},"f":{"0":164,"1":820,"2":1,"3":0,"4":0,"5":1},"b":{"0":[1,0],"1":[2,162],"2":[164,2],"3":[58,106],"4":[164,58],"5":[0,164],"6":[164,0],"7":[78,86],"8":[164,78],"9":[107,57],"10":[164,107]}}
,"/Users/andrii/Git/MoviesAPIReact/react-app/src/components/molecules/Forms/Form.ts": {"path":"/Users/andrii/Git/MoviesAPIReact/react-app/src/components/molecules/Forms/Form.ts","statementMap":{"0":{"start":{"line":1,"column":0},"end":{"line":1,"column":39}},"1":{"start":{"line":2,"column":0},"end":{"line":2,"column":33}},"2":{"start":{"line":6,"column":13},"end":{"line":8,"column":2}},"3":{"start":{"line":10,"column":13},"end":{"line":15,"column":2}},"4":{"start":{"line":17,"column":13},"end":{"line":24,"column":2}},"5":{"start":{"line":26,"column":13},"end":{"line":30,"column":2}},"6":{"start":{"line":32,"column":13},"end":{"line":33,"column":null}},"7":{"start":{"line":33,"column":30},"end":{"line":33,"column":null}},"8":{"start":{"line":38,"column":13},"end":{"line":39,"column":null}},"9":{"start":{"line":39,"column":41},"end":{"line":39,"column":null}},"10":{"start":{"line":47,"column":13},"end":{"line":48,"column":null}},"11":{"start":{"line":48,"column":30},"end":{"line":48,"column":null}},"12":{"start":{"line":51,"column":13},"end":{"line":57,"column":null}},"13":{"start":{"line":53,"column":43},"end":{"line":53,"column":null}},"14":{"start":{"line":57,"column":43},"end":{"line":57,"column":null}},"15":{"start":{"line":62,"column":13},"end":{"line":64,"column":2}},"16":{"start":{"line":66,"column":0},"end":{"line":66,"column":26}}},"fnMap":{"0":{"name":"(anonymous_2)","decl":{"start":{"line":33,"column":11},"end":{"line":33,"column":12}},"loc":{"start":{"line":33,"column":25},"end":{"line":33,"column":35}}},"1":{"name":"(anonymous_3)","decl":{"start":{"line":39,"column":22},"end":{"line":39,"column":23}},"loc":{"start":{"line":39,"column":36},"end":{"line":39,"column":46}}},"2":{"name":"(anonymous_4)","decl":{"start":{"line":48,"column":11},"end":{"line":48,"column":12}},"loc":{"start":{"line":48,"column":25},"end":{"line":48,"column":35}}},"3":{"name":"(anonymous_5)","decl":{"start":{"line":53,"column":24},"end":{"line":53,"column":25}},"loc":{"start":{"line":53,"column":38},"end":{"line":53,"column":48}}},"4":{"name":"(anonymous_6)","decl":{"start":{"line":57,"column":24},"end":{"line":57,"column":25}},"loc":{"start":{"line":57,"column":38},"end":{"line":57,"column":48}}}},"branchMap":{"0":{"loc":{"start":{"line":6,"column":38},"end":{"line":6,"column":null}},"type":"binary-expr","locations":[{"start":{"line":6,"column":38},"end":{"line":6,"column":null}},{"start":{"line":6,"column":38},"end":{"line":8,"column":2}}]},"1":{"loc":{"start":{"line":10,"column":34},"end":{"line":10,"column":null}},"type":"binary-expr","locations":[{"start":{"line":10,"column":34},"end":{"line":10,"column":null}},{"start":{"line":10,"column":34},"end":{"line":15,"column":2}}]},"2":{"loc":{"start":{"line":17,"column":36},"end":{"line":17,"column":null}},"type":"binary-expr","locations":[{"start":{"line":17,"column":36},"end":{"line":17,"column":null}},{"start":{"line":17,"column":36},"end":{"line":24,"column":2}}]},"3":{"loc":{"start":{"line":26,"column":38},"end":{"line":26,"column":null}},"type":"binary-expr","locations":[{"start":{"line":26,"column":38},"end":{"line":26,"column":null}},{"start":{"line":26,"column":38},"end":{"line":30,"column":2}}]},"4":{"loc":{"start":{"line":32,"column":38},"end":{"line":32,"column":null}},"type":"binary-expr","locations":[{"start":{"line":32,"column":38},"end":{"line":32,"column":null}},{"start":{"line":32,"column":38},"end":{"line":36,"column":2}}]},"5":{"loc":{"start":{"line":38,"column":37},"end":{"line":38,"column":null}},"type":"binary-expr","locations":[{"start":{"line":38,"column":37},"end":{"line":38,"column":null}},{"start":{"line":38,"column":37},"end":{"line":45,"column":2}}]},"6":{"loc":{"start":{"line":47,"column":37},"end":{"line":47,"column":null}},"type":"binary-expr","locations":[{"start":{"line":47,"column":37},"end":{"line":47,"column":null}},{"start":{"line":47,"column":37},"end":{"line":49,"column":2}}]},"7":{"loc":{"start":{"line":51,"column":42},"end":{"line":51,"column":null}},"type":"binary-expr","locations":[{"start":{"line":51,"column":42},"end":{"line":51,"column":null}},{"start":{"line":51,"column":42},"end":{"line":60,"column":2}}]},"8":{"loc":{"start":{"line":62,"column":41},"end":{"line":62,"column":null}},"type":"binary-expr","locations":[{"start":{"line":62,"column":41},"end":{"line":62,"column":null}},{"start":{"line":62,"column":41},"end":{"line":64,"column":2}}]}},"s":{"0":1,"1":1,"2":1,"3":1,"4":1,"5":1,"6":1,"7":738,"8":1,"9":615,"10":1,"11":153,"12":1,"13":123,"14":123,"15":1,"16":1},"f":{"0":738,"1":615,"2":153,"3":123,"4":123},"b":{"0":[1,1],"1":[1,1],"2":[1,1],"3":[1,1],"4":[1,1],"5":[1,1],"6":[1,1],"7":[1,1],"8":[1,1]}}
,"/Users/andrii/Git/MoviesAPIReact/react-app/src/components/molecules/Forms/FormValidationSchema.ts": {"path":"/Users/andrii/Git/MoviesAPIReact/react-app/src/components/molecules/Forms/FormValidationSchema.ts","statementMap":{"0":{"start":{"line":1,"column":0},"end":{"line":1,"column":27}},"1":{"start":{"line":3,"column":13},"end":{"line":9,"column":2}},"2":{"start":{"line":11,"column":13},"end":{"line":29,"column":3}},"3":{"start":{"line":31,"column":0},"end":{"line":31,"column":22}}},"fnMap":{},"branchMap":{},"s":{"0":1,"1":1,"2":1,"3":1},"f":{},"b":{}}
,"/Users/andrii/Git/MoviesAPIReact/react-app/src/components/molecules/MovieCard/MovieCard.ts": {"path":"/Users/andrii/Git/MoviesAPIReact/react-app/src/components/molecules/MovieCard/MovieCard.ts","statementMap":{"0":{"start":{"line":1,"column":0},"end":{"line":1,"column":39}},"1":{"start":{"line":6,"column":13},"end":{"line":8,"column":null}},"2":{"start":{"line":8,"column":30},"end":{"line":8,"column":null}},"3":{"start":{"line":20,"column":13},"end":{"line":24,"column":2}},"4":{"start":{"line":26,"column":13},"end":{"line":30,"column":2}},"5":{"start":{"line":32,"column":13},"end":{"line":33,"column":null}},"6":{"start":{"line":33,"column":35},"end":{"line":33,"column":null}},"7":{"start":{"line":41,"column":13},"end":{"line":44,"column":2}},"8":{"start":{"line":46,"column":13},"end":{"line":48,"column":2}},"9":{"start":{"line":50,"column":13},"end":{"line":52,"column":null}},"10":{"start":{"line":52,"column":41},"end":{"line":52,"column":null}},"11":{"start":{"line":60,"column":13},"end":{"line":85,"column":null}},"12":{"start":{"line":62,"column":41},"end":{"line":62,"column":null}},"13":{"start":{"line":73,"column":43},"end":{"line":73,"column":null}},"14":{"start":{"line":85,"column":43},"end":{"line":85,"column":null}},"15":{"start":{"line":92,"column":13},"end":{"line":104,"column":null}},"16":{"start":{"line":96,"column":35},"end":{"line":96,"column":null}},"17":{"start":{"line":100,"column":30},"end":{"line":100,"column":null}},"18":{"start":{"line":103,"column":43},"end":{"line":103,"column":null}},"19":{"start":{"line":104,"column":32},"end":{"line":104,"column":null}},"20":{"start":{"line":108,"column":13},"end":{"line":113,"column":null}},"21":{"start":{"line":109,"column":41},"end":{"line":109,"column":null}},"22":{"start":{"line":113,"column":41},"end":{"line":113,"column":null}},"23":{"start":{"line":119,"column":13},"end":{"line":137,"column":null}},"24":{"start":{"line":125,"column":41},"end":{"line":125,"column":null}},"25":{"start":{"line":137,"column":43},"end":{"line":137,"column":null}},"26":{"start":{"line":148,"column":0},"end":{"line":148,"column":32}}},"fnMap":{"0":{"name":"(anonymous_2)","decl":{"start":{"line":8,"column":11},"end":{"line":8,"column":12}},"loc":{"start":{"line":8,"column":25},"end":{"line":8,"column":35}}},"1":{"name":"(anonymous_3)","decl":{"start":{"line":33,"column":16},"end":{"line":33,"column":17}},"loc":{"start":{"line":33,"column":30},"end":{"line":33,"column":40}}},"2":{"name":"(anonymous_4)","decl":{"start":{"line":52,"column":22},"end":{"line":52,"column":23}},"loc":{"start":{"line":52,"column":36},"end":{"line":52,"column":46}}},"3":{"name":"(anonymous_5)","decl":{"start":{"line":62,"column":22},"end":{"line":62,"column":23}},"loc":{"start":{"line":62,"column":36},"end":{"line":62,"column":46}}},"4":{"name":"(anonymous_6)","decl":{"start":{"line":73,"column":24},"end":{"line":73,"column":25}},"loc":{"start":{"line":73,"column":38},"end":{"line":73,"column":48}}},"5":{"name":"(anonymous_7)","decl":{"start":{"line":85,"column":24},"end":{"line":85,"column":25}},"loc":{"start":{"line":85,"column":38},"end":{"line":85,"column":48}}},"6":{"name":"(anonymous_8)","decl":{"start":{"line":96,"column":16},"end":{"line":96,"column":17}},"loc":{"start":{"line":96,"column":30},"end":{"line":96,"column":40}}},"7":{"name":"(anonymous_9)","decl":{"start":{"line":100,"column":11},"end":{"line":100,"column":12}},"loc":{"start":{"line":100,"column":25},"end":{"line":100,"column":35}}},"8":{"name":"(anonymous_10)","decl":{"start":{"line":103,"column":24},"end":{"line":103,"column":25}},"loc":{"start":{"line":103,"column":38},"end":{"line":103,"column":48}}},"9":{"name":"(anonymous_11)","decl":{"start":{"line":104,"column":13},"end":{"line":104,"column":14}},"loc":{"start":{"line":104,"column":27},"end":{"line":104,"column":37}}},"10":{"name":"(anonymous_12)","decl":{"start":{"line":109,"column":13},"end":{"line":109,"column":14}},"loc":{"start":{"line":109,"column":36},"end":{"line":109,"column":42}}},"11":{"name":"(anonymous_13)","decl":{"start":{"line":113,"column":22},"end":{"line":113,"column":23}},"loc":{"start":{"line":113,"column":36},"end":{"line":113,"column":46}}},"12":{"name":"(anonymous_14)","decl":{"start":{"line":125,"column":22},"end":{"line":125,"column":23}},"loc":{"start":{"line":125,"column":36},"end":{"line":125,"column":46}}},"13":{"name":"(anonymous_15)","decl":{"start":{"line":137,"column":24},"end":{"line":137,"column":25}},"loc":{"start":{"line":137,"column":38},"end":{"line":137,"column":48}}}},"branchMap":{"0":{"loc":{"start":{"line":6,"column":42},"end":{"line":6,"column":null}},"type":"binary-expr","locations":[{"start":{"line":6,"column":42},"end":{"line":6,"column":null}},{"start":{"line":6,"column":42},"end":{"line":18,"column":2}}]},"1":{"loc":{"start":{"line":20,"column":43},"end":{"line":20,"column":null}},"type":"binary-expr","locations":[{"start":{"line":20,"column":43},"end":{"line":20,"column":null}},{"start":{"line":20,"column":43},"end":{"line":24,"column":2}}]},"2":{"loc":{"start":{"line":26,"column":35},"end":{"line":26,"column":null}},"type":"binary-expr","locations":[{"start":{"line":26,"column":35},"end":{"line":26,"column":null}},{"start":{"line":26,"column":35},"end":{"line":30,"column":2}}]},"3":{"loc":{"start":{"line":32,"column":35},"end":{"line":32,"column":null}},"type":"binary-expr","locations":[{"start":{"line":32,"column":35},"end":{"line":32,"column":null}},{"start":{"line":32,"column":35},"end":{"line":39,"column":2}}]},"4":{"loc":{"start":{"line":41,"column":37},"end":{"line":41,"column":null}},"type":"binary-expr","locations":[{"start":{"line":41,"column":37},"end":{"line":41,"column":null}},{"start":{"line":41,"column":37},"end":{"line":44,"column":2}}]},"5":{"loc":{"start":{"line":46,"column":36},"end":{"line":46,"column":null}},"type":"binary-expr","locations":[{"start":{"line":46,"column":36},"end":{"line":46,"column":null}},{"start":{"line":46,"column":36},"end":{"line":48,"column":2}}]},"6":{"loc":{"start":{"line":50,"column":34},"end":{"line":50,"column":null}},"type":"binary-expr","locations":[{"start":{"line":50,"column":34},"end":{"line":50,"column":null}},{"start":{"line":50,"column":34},"end":{"line":58,"column":2}}]},"7":{"loc":{"start":{"line":60,"column":36},"end":{"line":60,"column":null}},"type":"binary-expr","locations":[{"start":{"line":60,"column":36},"end":{"line":60,"column":null}},{"start":{"line":60,"column":36},"end":{"line":90,"column":2}}]},"8":{"loc":{"start":{"line":92,"column":41},"end":{"line":92,"column":null}},"type":"binary-expr","locations":[{"start":{"line":92,"column":41},"end":{"line":92,"column":null}},{"start":{"line":92,"column":41},"end":{"line":106,"column":2}}]},"9":{"loc":{"start":{"line":108,"column":34},"end":{"line":108,"column":null}},"type":"binary-expr","locations":[{"start":{"line":108,"column":34},"end":{"line":108,"column":null}},{"start":{"line":108,"column":34},"end":{"line":117,"column":2}}]},"10":{"loc":{"start":{"line":109,"column":61},"end":{"line":109,"column":75}},"type":"cond-expr","locations":[{"start":{"line":109,"column":61},"end":{"line":109,"column":75}},{"start":{"line":109,"column":78},"end":{"line":109,"column":84}}]},"11":{"loc":{"start":{"line":119,"column":38},"end":{"line":119,"column":null}},"type":"binary-expr","locations":[{"start":{"line":119,"column":38},"end":{"line":119,"column":null}},{"start":{"line":119,"column":38},"end":{"line":146,"column":2}}]}},"s":{"0":1,"1":1,"2":1,"3":1,"4":1,"5":1,"6":1,"7":1,"8":1,"9":1,"10":1,"11":1,"12":1,"13":1,"14":1,"15":1,"16":2,"17":2,"18":2,"19":2,"20":1,"21":1,"22":1,"23":1,"24":1,"25":1,"26":1},"f":{"0":1,"1":1,"2":1,"3":1,"4":1,"5":1,"6":2,"7":2,"8":2,"9":2,"10":1,"11":1,"12":1,"13":1},"b":{"0":[1,1],"1":[1,1],"2":[1,1],"3":[1,1],"4":[1,1],"5":[1,1],"6":[1,1],"7":[1,1],"8":[1,1],"9":[1,1],"10":[0,1],"11":[1,1]}}
,"/Users/andrii/Git/MoviesAPIReact/react-app/src/components/molecules/MovieCard/MovieCardComponent.tsx": {"path":"/Users/andrii/Git/MoviesAPIReact/react-app/src/components/molecules/MovieCard/MovieCardComponent.tsx","statementMap":{"0":{"start":{"line":1,"column":0},"end":{"line":1,"column":72}},"1":{"start":{"line":2,"column":0},"end":{"line":2,"column":42}},"2":{"start":{"line":3,"column":0},"end":{"line":3,"column":46}},"3":{"start":{"line":6,"column":0},"end":{"line":6,"column":null}},"4":{"start":{"line":19,"column":0},"end":{"line":19,"column":86}},"5":{"start":{"line":21,"column":59},"end":{"line":60,"column":1}},"6":{"start":{"line":21,"column":66},"end":{"line":21,"column":68}},"7":{"start":{"line":22,"column":42},"end":{"line":22,"column":57}},"8":{"start":{"line":22,"column":23},"end":{"line":22,"column":25}},"9":{"start":{"line":22,"column":38},"end":{"line":22,"column":42}},"10":{"start":{"line":23,"column":19},"end":{"line":23,"column":32}},"11":{"start":{"line":24,"column":18},"end":{"line":24,"column":30}},"12":{"start":{"line":26,"column":22},"end":{"line":30,"column":3}},"13":{"start":{"line":27,"column":4},"end":{"line":27,"column":38}},"14":{"start":{"line":28,"column":4},"end":{"line":28,"column":52}},"15":{"start":{"line":29,"column":4},"end":{"line":29,"column":25}},"16":{"start":{"line":31,"column":24},"end":{"line":35,"column":3}},"17":{"start":{"line":32,"column":4},"end":{"line":32,"column":38}},"18":{"start":{"line":33,"column":4},"end":{"line":33,"column":54}},"19":{"start":{"line":34,"column":4},"end":{"line":34,"column":25}},"20":{"start":{"line":36,"column":29},"end":{"line":40,"column":12}},"21":{"start":{"line":37,"column":4},"end":{"line":37,"column":38}},"22":{"start":{"line":38,"column":4},"end":{"line":38,"column":55}},"23":{"start":{"line":39,"column":4},"end":{"line":39,"column":37}},"24":{"start":{"line":42,"column":2},"end":{"line":59,"column":4}},"25":{"start":{"line":44,"column":31},"end":{"line":44,"column":null}},"26":{"start":{"line":48,"column":34},"end":{"line":48,"column":58}},"27":{"start":{"line":62,"column":0},"end":{"line":62,"column":34}}},"fnMap":{"0":{"name":"(anonymous_6)","decl":{"start":{"line":21,"column":59},"end":{"line":21,"column":60}},"loc":{"start":{"line":21,"column":68},"end":{"line":60,"column":1}}},"1":{"name":"(anonymous_7)","decl":{"start":{"line":26,"column":22},"end":{"line":26,"column":null}},"loc":{"start":{"line":26,"column":22},"end":{"line":30,"column":3}}},"2":{"name":"(anonymous_8)","decl":{"start":{"line":31,"column":24},"end":{"line":31,"column":null}},"loc":{"start":{"line":31,"column":24},"end":{"line":35,"column":3}}},"3":{"name":"(anonymous_9)","decl":{"start":{"line":36,"column":41},"end":{"line":36,"column":null}},"loc":{"start":{"line":36,"column":41},"end":{"line":40,"column":3}}},"4":{"name":"(anonymous_10)","decl":{"start":{"line":44,"column":25},"end":{"line":44,"column":31}},"loc":{"start":{"line":44,"column":25},"end":{"line":44,"column":44}}},"5":{"name":"(anonymous_11)","decl":{"start":{"line":48,"column":28},"end":{"line":48,"column":34}},"loc":{"start":{"line":48,"column":28},"end":{"line":48,"column":47}}}},"branchMap":{},"s":{"0":1,"1":1,"2":1,"3":1,"4":1,"5":1,"6":1,"7":1,"8":1,"9":1,"10":1,"11":1,"12":1,"13":0,"14":0,"15":0,"16":1,"17":0,"18":0,"19":0,"20":1,"21":0,"22":0,"23":0,"24":1,"25":0,"26":0,"27":1},"f":{"0":1,"1":0,"2":0,"3":0,"4":0,"5":0},"b":{}}
,"/Users/andrii/Git/MoviesAPIReact/react-app/src/components/theme/Theme.ts": {"path":"/Users/andrii/Git/MoviesAPIReact/react-app/src/components/theme/Theme.ts","statementMap":{"0":{"start":{"line":1,"column":14},"end":{"line":9,"column":2}},"1":{"start":{"line":11,"column":0},"end":{"line":11,"column":21}}},"fnMap":{},"branchMap":{},"s":{"0":2,"1":2},"f":{},"b":{}}
,"/Users/andrii/Git/MoviesAPIReact/react-app/src/reducers/Reducers.tsx": {"path":"/Users/andrii/Git/MoviesAPIReact/react-app/src/reducers/Reducers.tsx","statementMap":{"0":{"start":{"line":1,"column":0},"end":{"line":1,"column":40}},"1":{"start":{"line":10,"column":0},"end":{"line":10,"column":49}},"2":{"start":{"line":21,"column":13},"end":{"line":25,"column":2}},"3":{"start":{"line":27,"column":13},"end":{"line":33,"column":2}},"4":{"start":{"line":35,"column":13},"end":{"line":37,"column":2}},"5":{"start":{"line":39,"column":13},"end":{"line":41,"column":2}},"6":{"start":{"line":43,"column":13},"end":{"line":46,"column":2}},"7":{"start":{"line":48,"column":13},"end":{"line":50,"column":2}},"8":{"start":{"line":52,"column":13},"end":{"line":54,"column":2}},"9":{"start":{"line":56,"column":22},"end":{"line":65,"column":1}},"10":{"start":{"line":56,"column":23},"end":{"line":56,"column":52}},"11":{"start":{"line":57,"column":2},"end":{"line":64,"column":null}},"12":{"start":{"line":59,"column":40},"end":{"line":59,"column":47}},"13":{"start":{"line":60,"column":6},"end":{"line":60,"column":51}},"14":{"start":{"line":63,"column":6},"end":{"line":63,"column":19}},"15":{"start":{"line":56,"column":13},"end":{"line":56,"column":22}},"16":{"start":{"line":67,"column":23},"end":{"line":76,"column":1}},"17":{"start":{"line":67,"column":24},"end":{"line":67,"column":55}},"18":{"start":{"line":68,"column":2},"end":{"line":75,"column":null}},"19":{"start":{"line":70,"column":44},"end":{"line":70,"column":51}},"20":{"start":{"line":71,"column":6},"end":{"line":71,"column":55}},"21":{"start":{"line":74,"column":6},"end":{"line":74,"column":19}},"22":{"start":{"line":67,"column":13},"end":{"line":67,"column":23}},"23":{"start":{"line":78,"column":26},"end":{"line":92,"column":1}},"24":{"start":{"line":78,"column":27},"end":{"line":78,"column":66}},"25":{"start":{"line":79,"column":2},"end":{"line":91,"column":null}},"26":{"start":{"line":81,"column":6},"end":{"line":81,"column":43}},"27":{"start":{"line":84,"column":6},"end":{"line":84,"column":68}},"28":{"start":{"line":87,"column":6},"end":{"line":87,"column":67}},"29":{"start":{"line":90,"column":6},"end":{"line":90,"column":19}},"30":{"start":{"line":78,"column":13},"end":{"line":78,"column":26}},"31":{"start":{"line":94,"column":26},"end":{"line":103,"column":1}},"32":{"start":{"line":94,"column":27},"end":{"line":94,"column":61}},"33":{"start":{"line":95,"column":2},"end":{"line":102,"column":null}},"34":{"start":{"line":97,"column":25},"end":{"line":97,"column":32}},"35":{"start":{"line":98,"column":6},"end":{"line":98,"column":46}},"36":{"start":{"line":101,"column":6},"end":{"line":101,"column":19}},"37":{"start":{"line":94,"column":13},"end":{"line":94,"column":26}},"38":{"start":{"line":105,"column":29},"end":{"line":118,"column":1}},"39":{"start":{"line":105,"column":30},"end":{"line":105,"column":74}},"40":{"start":{"line":106,"column":2},"end":{"line":117,"column":null}},"41":{"start":{"line":108,"column":24},"end":{"line":108,"column":31}},"42":{"start":{"line":109,"column":6},"end":{"line":109,"column":98}},"43":{"start":{"line":112,"column":21},"end":{"line":112,"column":28}},"44":{"start":{"line":113,"column":6},"end":{"line":113,"column":47}},"45":{"start":{"line":116,"column":6},"end":{"line":116,"column":19}},"46":{"start":{"line":105,"column":13},"end":{"line":105,"column":29}},"47":{"start":{"line":120,"column":27},"end":{"line":129,"column":1}},"48":{"start":{"line":120,"column":28},"end":{"line":120,"column":68}},"49":{"start":{"line":121,"column":2},"end":{"line":128,"column":null}},"50":{"start":{"line":123,"column":24},"end":{"line":123,"column":31}},"51":{"start":{"line":124,"column":6},"end":{"line":124,"column":46}},"52":{"start":{"line":127,"column":6},"end":{"line":127,"column":19}},"53":{"start":{"line":120,"column":13},"end":{"line":120,"column":27}},"54":{"start":{"line":131,"column":27},"end":{"line":142,"column":1}},"55":{"start":{"line":131,"column":28},"end":{"line":131,"column":73}},"56":{"start":{"line":132,"column":2},"end":{"line":141,"column":null}},"57":{"start":{"line":136,"column":24},"end":{"line":136,"column":31}},"58":{"start":{"line":137,"column":6},"end":{"line":137,"column":46}},"59":{"start":{"line":140,"column":6},"end":{"line":140,"column":19}},"60":{"start":{"line":131,"column":13},"end":{"line":131,"column":27}},"61":{"start":{"line":144,"column":13},"end":{"line":152,"column":3}},"62":{"start":{"line":154,"column":0},"end":{"line":154,"column":27}}},"fnMap":{"0":{"name":"(anonymous_2)","decl":{"start":{"line":56,"column":22},"end":{"line":56,"column":23}},"loc":{"start":{"line":56,"column":74},"end":{"line":65,"column":1}}},"1":{"name":"(anonymous_3)","decl":{"start":{"line":67,"column":23},"end":{"line":67,"column":24}},"loc":{"start":{"line":67,"column":76},"end":{"line":76,"column":1}}},"2":{"name":"(anonymous_4)","decl":{"start":{"line":78,"column":26},"end":{"line":78,"column":27}},"loc":{"start":{"line":78,"column":88},"end":{"line":92,"column":1}}},"3":{"name":"(anonymous_5)","decl":{"start":{"line":94,"column":26},"end":{"line":94,"column":27}},"loc":{"start":{"line":94,"column":85},"end":{"line":103,"column":1}}},"4":{"name":"(anonymous_6)","decl":{"start":{"line":105,"column":29},"end":{"line":105,"column":30}},"loc":{"start":{"line":105,"column":94},"end":{"line":118,"column":1}}},"5":{"name":"(anonymous_7)","decl":{"start":{"line":120,"column":27},"end":{"line":120,"column":28}},"loc":{"start":{"line":120,"column":88},"end":{"line":129,"column":1}}},"6":{"name":"(anonymous_8)","decl":{"start":{"line":131,"column":27},"end":{"line":131,"column":28}},"loc":{"start":{"line":131,"column":93},"end":{"line":142,"column":1}}}},"branchMap":{"0":{"loc":{"start":{"line":56,"column":23},"end":{"line":56,"column":52}},"type":"if","locations":[{"start":{"line":56,"column":23},"end":{"line":56,"column":52}},{"start":{"line":56,"column":23},"end":{"line":56,"column":52}}]},"1":{"loc":{"start":{"line":58,"column":4},"end":{"line":61,"column":null}},"type":"switch","locations":[{"start":{"line":58,"column":4},"end":{"line":61,"column":null}},{"start":{"line":62,"column":4},"end":{"line":63,"column":19}}]},"2":{"loc":{"start":{"line":67,"column":24},"end":{"line":67,"column":55}},"type":"if","locations":[{"start":{"line":67,"column":24},"end":{"line":67,"column":55}},{"start":{"line":67,"column":24},"end":{"line":67,"column":55}}]},"3":{"loc":{"start":{"line":69,"column":4},"end":{"line":72,"column":null}},"type":"switch","locations":[{"start":{"line":69,"column":4},"end":{"line":72,"column":null}},{"start":{"line":73,"column":4},"end":{"line":74,"column":19}}]},"4":{"loc":{"start":{"line":78,"column":27},"end":{"line":78,"column":66}},"type":"if","locations":[{"start":{"line":78,"column":27},"end":{"line":78,"column":66}},{"start":{"line":78,"column":27},"end":{"line":78,"column":66}}]},"5":{"loc":{"start":{"line":80,"column":4},"end":{"line":82,"column":null}},"type":"switch","locations":[{"start":{"line":80,"column":4},"end":{"line":82,"column":null}},{"start":{"line":83,"column":4},"end":{"line":85,"column":null}},{"start":{"line":86,"column":4},"end":{"line":88,"column":null}},{"start":{"line":89,"column":4},"end":{"line":90,"column":19}}]},"6":{"loc":{"start":{"line":94,"column":27},"end":{"line":94,"column":61}},"type":"if","locations":[{"start":{"line":94,"column":27},"end":{"line":94,"column":61}},{"start":{"line":94,"column":27},"end":{"line":94,"column":61}}]},"7":{"loc":{"start":{"line":96,"column":4},"end":{"line":99,"column":null}},"type":"switch","locations":[{"start":{"line":96,"column":4},"end":{"line":99,"column":null}},{"start":{"line":100,"column":4},"end":{"line":101,"column":19}}]},"8":{"loc":{"start":{"line":105,"column":30},"end":{"line":105,"column":74}},"type":"if","locations":[{"start":{"line":105,"column":30},"end":{"line":105,"column":74}},{"start":{"line":105,"column":30},"end":{"line":105,"column":74}}]},"9":{"loc":{"start":{"line":107,"column":4},"end":{"line":110,"column":null}},"type":"switch","locations":[{"start":{"line":107,"column":4},"end":{"line":110,"column":null}},{"start":{"line":111,"column":4},"end":{"line":114,"column":null}},{"start":{"line":115,"column":4},"end":{"line":116,"column":19}}]},"10":{"loc":{"start":{"line":109,"column":20},"end":{"line":109,"column":83}},"type":"cond-expr","locations":[{"start":{"line":109,"column":20},"end":{"line":109,"column":83}},{"start":{"line":109,"column":84},"end":{"line":109,"column":97}}]},"11":{"loc":{"start":{"line":120,"column":28},"end":{"line":120,"column":68}},"type":"if","locations":[{"start":{"line":120,"column":28},"end":{"line":120,"column":68}},{"start":{"line":120,"column":28},"end":{"line":120,"column":68}}]},"12":{"loc":{"start":{"line":122,"column":4},"end":{"line":125,"column":null}},"type":"switch","locations":[{"start":{"line":122,"column":4},"end":{"line":125,"column":null}},{"start":{"line":126,"column":4},"end":{"line":127,"column":19}}]},"13":{"loc":{"start":{"line":131,"column":28},"end":{"line":131,"column":73}},"type":"if","locations":[{"start":{"line":131,"column":28},"end":{"line":131,"column":73}},{"start":{"line":131,"column":28},"end":{"line":131,"column":73}}]},"14":{"loc":{"start":{"line":133,"column":4},"end":{"line":133,"column":34}},"type":"switch","locations":[{"start":{"line":133,"column":4},"end":{"line":133,"column":34}},{"start":{"line":134,"column":4},"end":{"line":134,"column":32}},{"start":{"line":135,"column":4},"end":{"line":138,"column":null}},{"start":{"line":139,"column":4},"end":{"line":140,"column":19}}]}},"s":{"0":2,"1":2,"2":2,"3":2,"4":2,"5":2,"6":2,"7":2,"8":2,"9":2,"10":12,"11":7,"12":2,"13":1,"14":6,"15":2,"16":2,"17":12,"18":7,"19":2,"20":1,"21":6,"22":2,"23":2,"24":14,"25":9,"26":1,"27":1,"28":1,"29":6,"30":2,"31":2,"32":12,"33":7,"34":1,"35":1,"36":6,"37":2,"38":2,"39":13,"40":8,"41":1,"42":1,"43":1,"44":1,"45":6,"46":2,"47":2,"48":12,"49":7,"50":1,"51":1,"52":6,"53":2,"54":2,"55":12,"56":7,"57":1,"58":1,"59":6,"60":2,"61":2,"62":2},"f":{"0":7,"1":7,"2":9,"3":7,"4":8,"5":7,"6":7},"b":{"0":[5,2],"1":[1,6],"2":[5,2],"3":[1,6],"4":[5,4],"5":[1,1,1,6],"6":[5,2],"7":[1,6],"8":[5,3],"9":[1,1,6],"10":[1,0],"11":[5,2],"12":[1,6],"13":[5,2],"14":[0,1,1,6]}}
,"/Users/andrii/Git/MoviesAPIReact/react-app/src/store/configureStore.ts": {"path":"/Users/andrii/Git/MoviesAPIReact/react-app/src/store/configureStore.ts","statementMap":{"0":{"start":{"line":1,"column":0},"end":{"line":1,"column":53}},"1":{"start":{"line":2,"column":0},"end":{"line":2,"column":46}},"2":{"start":{"line":3,"column":0},"end":{"line":3,"column":79}},"3":{"start":{"line":5,"column":0},"end":{"line":5,"column":47}},"4":{"start":{"line":8,"column":25},"end":{"line":8,"column":47}},"5":{"start":{"line":9,"column":2},"end":{"line":14,"column":null}},"6":{"start":{"line":7,"column":0},"end":{"line":7,"column":24}}},"fnMap":{"0":{"name":"configureStore","decl":{"start":{"line":7,"column":24},"end":{"line":7,"column":38}},"loc":{"start":{"line":7,"column":38},"end":{"line":16,"column":1}}}},"branchMap":{},"s":{"0":1,"1":1,"2":1,"3":1,"4":1,"5":1,"6":1},"f":{"0":1},"b":{}}
}
