TN:
SF:src/actions/Actions.ts
FN:10,(anonymous_0)
FN:25,(anonymous_1)
FN:34,(anonymous_2)
FN:43,(anonymous_3)
FN:47,(anonymous_4)
FN:54,(anonymous_5)
FN:61,(anonymous_6)
FN:68,(anonymous_7)
FN:75,(anonymous_8)
FN:82,(anonymous_9)
FN:89,(anonymous_10)
FN:96,(anonymous_11)
FN:103,(anonymous_12)
FNF:13
FNH:11
FNDA:3,(anonymous_0)
FNDA:3,(anonymous_1)
FNDA:1,(anonymous_2)
FNDA:1,(anonymous_3)
FNDA:1,(anonymous_4)
FNDA:1,(anonymous_5)
FNDA:1,(anonymous_6)
FNDA:0,(anonymous_7)
FNDA:1,(anonymous_8)
FNDA:0,(anonymous_9)
FNDA:1,(anonymous_10)
FNDA:1,(anonymous_11)
FNDA:1,(anonymous_12)
DA:10,3
DA:11,3
DA:12,3
DA:13,3
DA:14,3
DA:15,3
DA:16,3
DA:17,3
DA:18,3
DA:19,3
DA:20,3
DA:21,3
DA:22,3
DA:25,3
DA:28,3
DA:34,3
DA:37,1
DA:43,3
DA:47,3
DA:49,1
DA:54,3
DA:56,1
DA:61,3
DA:63,1
DA:68,3
DA:70,0
DA:75,3
DA:77,1
DA:82,3
DA:84,0
DA:89,3
DA:91,1
DA:96,3
DA:98,1
DA:103,3
DA:105,1
LF:36
LH:34
BRDA:10,0,0,3
BRDA:10,0,1,3
BRF:2
BRH:2
end_of_record
TN:
SF:src/components/atoms/Button/Button.ts
FN:7,(anonymous_2)
FN:8,(anonymous_3)
FN:28,(anonymous_4)
FN:29,(anonymous_5)
FN:40,(anonymous_6)
FNF:5
FNH:5
FNDA:246,(anonymous_2)
FNDA:246,(anonymous_3)
FNDA:123,(anonymous_4)
FNDA:123,(anonymous_5)
FNDA:123,(anonymous_6)
DA:1,1
DA:3,1
DA:7,246
DA:8,246
DA:22,1
DA:27,1
DA:28,123
DA:29,123
DA:39,1
DA:40,123
DA:43,1
LF:11
LH:11
BRDA:3,0,0,1
BRDA:3,0,1,1
BRDA:22,1,0,1
BRDA:22,1,1,1
BRDA:27,2,0,1
BRDA:27,2,1,1
BRDA:39,3,0,1
BRDA:39,3,1,1
BRF:8
BRH:8
end_of_record
TN:
SF:src/components/molecules/Forms/AddMovieForm.tsx
FN:21,(anonymous_1)
FN:25,(anonymous_2)
FN:39,(anonymous_3)
FN:49,(anonymous_4)
FN:105,(anonymous_5)
FN:140,(anonymous_6)
FNF:6
FNH:4
FNDA:164,(anonymous_1)
FNDA:820,(anonymous_2)
FNDA:1,(anonymous_3)
FNDA:0,(anonymous_4)
FNDA:0,(anonymous_5)
FNDA:1,(anonymous_6)
DA:1,1
DA:2,1
DA:3,1
DA:6,1
DA:7,1
DA:18,1
DA:19,1
DA:21,164
DA:22,164
DA:23,164
DA:25,820
DA:29,164
DA:40,1
DA:49,0
DA:51,1
DA:55,164
DA:105,0
DA:140,1
DA:147,1
LF:19
LH:17
BRDA:49,0,0,1
BRDA:49,0,1,0
BRDA:69,1,0,2
BRDA:69,1,1,162
BRDA:68,2,0,164
BRDA:68,2,1,2
BRDA:94,3,0,58
BRDA:94,3,1,106
BRDA:93,4,0,164
BRDA:93,4,1,58
BRDA:108,5,0,0
BRDA:108,5,1,164
BRDA:107,6,0,164
BRDA:107,6,1,0
BRDA:122,7,0,78
BRDA:122,7,1,86
BRDA:121,8,0,164
BRDA:121,8,1,78
BRDA:136,9,0,107
BRDA:136,9,1,57
BRDA:135,10,0,164
BRDA:135,10,1,107
BRF:22
BRH:19
end_of_record
TN:
SF:src/components/molecules/Forms/Form.ts
FN:33,(anonymous_2)
FN:39,(anonymous_3)
FN:48,(anonymous_4)
FN:53,(anonymous_5)
FN:57,(anonymous_6)
FNF:5
FNH:5
FNDA:738,(anonymous_2)
FNDA:615,(anonymous_3)
FNDA:153,(anonymous_4)
FNDA:123,(anonymous_5)
FNDA:123,(anonymous_6)
DA:1,1
DA:2,1
DA:6,1
DA:10,1
DA:17,1
DA:26,1
DA:32,1
DA:33,738
DA:38,1
DA:39,615
DA:47,1
DA:48,153
DA:51,1
DA:53,123
DA:57,123
DA:62,1
DA:66,1
LF:17
LH:17
BRDA:6,0,0,1
BRDA:6,0,1,1
BRDA:10,1,0,1
BRDA:10,1,1,1
BRDA:17,2,0,1
BRDA:17,2,1,1
BRDA:26,3,0,1
BRDA:26,3,1,1
BRDA:32,4,0,1
BRDA:32,4,1,1
BRDA:38,5,0,1
BRDA:38,5,1,1
BRDA:47,6,0,1
BRDA:47,6,1,1
BRDA:51,7,0,1
BRDA:51,7,1,1
BRDA:62,8,0,1
BRDA:62,8,1,1
BRF:18
BRH:18
end_of_record
TN:
SF:src/components/molecules/Forms/FormValidationSchema.ts
FNF:0
FNH:0
DA:1,1
DA:3,1
DA:11,1
DA:31,1
LF:4
LH:4
BRF:0
BRH:0
end_of_record
TN:
SF:src/components/molecules/MovieCard/MovieCard.ts
FN:8,(anonymous_2)
FN:33,(anonymous_3)
FN:52,(anonymous_4)
FN:62,(anonymous_5)
FN:73,(anonymous_6)
FN:85,(anonymous_7)
FN:96,(anonymous_8)
FN:100,(anonymous_9)
FN:103,(anonymous_10)
FN:104,(anonymous_11)
FN:109,(anonymous_12)
FN:113,(anonymous_13)
FN:125,(anonymous_14)
FN:137,(anonymous_15)
FNF:14
FNH:14
FNDA:1,(anonymous_2)
FNDA:1,(anonymous_3)
FNDA:1,(anonymous_4)
FNDA:1,(anonymous_5)
FNDA:1,(anonymous_6)
FNDA:1,(anonymous_7)
FNDA:2,(anonymous_8)
FNDA:2,(anonymous_9)
FNDA:2,(anonymous_10)
FNDA:2,(anonymous_11)
FNDA:1,(anonymous_12)
FNDA:1,(anonymous_13)
FNDA:1,(anonymous_14)
FNDA:1,(anonymous_15)
DA:1,1
DA:6,1
DA:8,1
DA:20,1
DA:26,1
DA:32,1
DA:33,1
DA:41,1
DA:46,1
DA:50,1
DA:52,1
DA:60,1
DA:62,1
DA:73,1
DA:85,1
DA:92,1
DA:96,2
DA:100,2
DA:103,2
DA:104,2
DA:108,1
DA:109,1
DA:113,1
DA:119,1
DA:125,1
DA:137,1
DA:148,1
LF:27
LH:27
BRDA:6,0,0,1
BRDA:6,0,1,1
BRDA:20,1,0,1
BRDA:20,1,1,1
BRDA:26,2,0,1
BRDA:26,2,1,1
BRDA:32,3,0,1
BRDA:32,3,1,1
BRDA:41,4,0,1
BRDA:41,4,1,1
BRDA:46,5,0,1
BRDA:46,5,1,1
BRDA:50,6,0,1
BRDA:50,6,1,1
BRDA:60,7,0,1
BRDA:60,7,1,1
BRDA:92,8,0,1
BRDA:92,8,1,1
BRDA:108,9,0,1
BRDA:108,9,1,1
BRDA:109,10,0,0
BRDA:109,10,1,1
BRDA:119,11,0,1
BRDA:119,11,1,1
BRF:24
BRH:23
end_of_record
TN:
SF:src/components/molecules/MovieCard/MovieCardComponent.tsx
FN:21,(anonymous_6)
FN:26,(anonymous_7)
FN:31,(anonymous_8)
FN:36,(anonymous_9)
FN:44,(anonymous_10)
FN:48,(anonymous_11)
FNF:6
FNH:1
FNDA:1,(anonymous_6)
FNDA:0,(anonymous_7)
FNDA:0,(anonymous_8)
FNDA:0,(anonymous_9)
FNDA:0,(anonymous_10)
FNDA:0,(anonymous_11)
DA:1,1
DA:2,1
DA:3,1
DA:6,1
DA:19,1
DA:21,1
DA:22,1
DA:23,1
DA:24,1
DA:26,1
DA:27,0
DA:28,0
DA:29,0
DA:31,1
DA:32,0
DA:33,0
DA:34,0
DA:36,1
DA:37,0
DA:38,0
DA:39,0
DA:42,1
DA:44,0
DA:48,0
DA:62,1
LF:25
LH:14
BRF:0
BRH:0
end_of_record
TN:
SF:src/components/theme/Theme.ts
FNF:0
FNH:0
DA:1,2
DA:11,2
LF:2
LH:2
BRF:0
BRH:0
end_of_record
TN:
SF:src/reducers/Reducers.tsx
FN:56,(anonymous_2)
FN:67,(anonymous_3)
FN:78,(anonymous_4)
FN:94,(anonymous_5)
FN:105,(anonymous_6)
FN:120,(anonymous_7)
FN:131,(anonymous_8)
FNF:7
FNH:7
FNDA:7,(anonymous_2)
FNDA:7,(anonymous_3)
FNDA:9,(anonymous_4)
FNDA:7,(anonymous_5)
FNDA:8,(anonymous_6)
FNDA:7,(anonymous_7)
FNDA:7,(anonymous_8)
DA:1,2
DA:10,2
DA:21,2
DA:27,2
DA:35,2
DA:39,2
DA:43,2
DA:48,2
DA:52,2
DA:56,12
DA:57,7
DA:59,2
DA:60,1
DA:63,6
DA:67,12
DA:68,7
DA:70,2
DA:71,1
DA:74,6
DA:78,14
DA:79,9
DA:81,1
DA:84,1
DA:87,1
DA:90,6
DA:94,12
DA:95,7
DA:97,1
DA:98,1
DA:101,6
DA:105,13
DA:106,8
DA:108,1
DA:109,1
DA:112,1
DA:113,1
DA:116,6
DA:120,12
DA:121,7
DA:123,1
DA:124,1
DA:127,6
DA:131,12
DA:132,7
DA:136,1
DA:137,1
DA:140,6
DA:144,2
DA:154,2
LF:49
LH:49
BRDA:56,0,0,5
BRDA:56,0,1,2
BRDA:58,1,0,1
BRDA:58,1,1,6
BRDA:67,2,0,5
BRDA:67,2,1,2
BRDA:69,3,0,1
BRDA:69,3,1,6
BRDA:78,4,0,5
BRDA:78,4,1,4
BRDA:80,5,0,1
BRDA:80,5,1,1
BRDA:80,5,2,1
BRDA:80,5,3,6
BRDA:94,6,0,5
BRDA:94,6,1,2
BRDA:96,7,0,1
BRDA:96,7,1,6
BRDA:105,8,0,5
BRDA:105,8,1,3
BRDA:107,9,0,1
BRDA:107,9,1,1
BRDA:107,9,2,6
BRDA:109,10,0,1
BRDA:109,10,1,0
BRDA:120,11,0,5
BRDA:120,11,1,2
BRDA:122,12,0,1
BRDA:122,12,1,6
BRDA:131,13,0,5
BRDA:131,13,1,2
BRDA:133,14,0,0
BRDA:133,14,1,1
BRDA:133,14,2,1
BRDA:133,14,3,6
BRF:35
BRH:33
end_of_record
TN:
SF:src/store/configureStore.ts
FN:7,configureStore
FNF:1
FNH:1
FNDA:1,configureStore
DA:1,1
DA:2,1
DA:3,1
DA:5,1
DA:7,1
DA:8,1
DA:9,1
LF:7
LH:7
BRF:0
BRH:0
end_of_record
